<?xml version="1.0" encoding="UTF-8"?>
<!-- Generated by org.testng.reporters.JUnitReportReporter -->
<testsuite hostname="SAK-LAPPDC262" failures="0" tests="1" name="com.shiv.testcases.LoginTest" time="5.581" errors="0" timestamp="2024-11-28T16:32:23 IST" skipped="0">
  <testcase classname="com.shiv.testcases.LoginTest" name="loginAsBankManager" time="5.581"/>
  <system-out/>
</testsuite> <!-- com.shiv.testcases.LoginTest -->
