<?xml version="1.0" encoding="UTF-8"?>
<!-- Generated by org.testng.reporters.JUnitReportReporter -->
<testsuite hostname="SAK-LAPPDC262" failures="0" tests="11" name="com.shiv.testcases.AddCustomer" time="21.352" errors="0" timestamp="2024-11-26T12:25:50 IST" skipped="0">
  <testcase classname="com.shiv.testcases.AddCustomer" name="addCustomer" time="0.433"/>
  <system-out/>
  <testcase classname="com.shiv.testcases.AddCustomer" name="addCustomer" time="0.517"/>
  <system-out/>
  <testcase classname="com.shiv.testcases.AddCustomer" name="addCustomer" time="15.864"/>
  <system-out/>
  <testcase classname="com.shiv.testcases.AddCustomer" name="addCustomer" time="0.547"/>
  <system-out/>
  <testcase classname="com.shiv.testcases.AddCustomer" name="addCustomer" time="0.460"/>
  <system-out/>
  <testcase classname="com.shiv.testcases.AddCustomer" name="addCustomer" time="0.461"/>
  <system-out/>
  <testcase classname="com.shiv.testcases.AddCustomer" name="addCustomer" time="1.040"/>
  <system-out/>
  <testcase classname="com.shiv.testcases.AddCustomer" name="addCustomer" time="0.540"/>
  <system-out/>
  <testcase classname="com.shiv.testcases.AddCustomer" name="addCustomer" time="0.622"/>
  <system-out/>
  <testcase classname="com.shiv.testcases.AddCustomer" name="addCustomer" time="0.441"/>
  <system-out/>
  <testcase classname="com.shiv.testcases.AddCustomer" name="addCustomer" time="0.427"/>
  <system-out/>
</testsuite> <!-- com.shiv.testcases.AddCustomer -->
