<?xml version="1.0" encoding="UTF-8"?>
<!-- Generated by org.testng.reporters.JUnitReportReporter -->
<testsuite hostname="SAK-LAPPDC262" failures="0" tests="12" name="com.shiv.testcases.AddCustomerTest" time="13.381" errors="0" timestamp="2024-11-28T16:32:23 IST" skipped="0">
  <testcase classname="com.shiv.testcases.AddCustomerTest" name="addCustomerTest" time="0.736"/>
  <system-out/>
  <testcase classname="com.shiv.testcases.AddCustomerTest" name="addCustomerTest" time="0.619"/>
  <system-out/>
  <testcase classname="com.shiv.testcases.AddCustomerTest" name="addCustomerTest" time="0.841"/>
  <system-out/>
  <testcase classname="com.shiv.testcases.AddCustomerTest" name="addCustomerTest" time="0.591"/>
  <system-out/>
  <testcase classname="com.shiv.testcases.AddCustomerTest" name="addCustomerTest" time="0.827"/>
  <system-out/>
  <testcase classname="com.shiv.testcases.AddCustomerTest" name="addCustomerTest" time="0.746"/>
  <system-out/>
  <testcase classname="com.shiv.testcases.AddCustomerTest" name="addCustomerTest" time="5.957"/>
  <system-out/>
  <testcase classname="com.shiv.testcases.AddCustomerTest" name="addCustomerTest" time="0.635"/>
  <system-out/>
  <testcase classname="com.shiv.testcases.AddCustomerTest" name="addCustomerTest" time="0.548"/>
  <system-out/>
  <testcase classname="com.shiv.testcases.AddCustomerTest" name="addCustomerTest" time="0.606"/>
  <system-out/>
  <testcase classname="com.shiv.testcases.AddCustomerTest" name="addCustomerTest" time="0.612"/>
  <system-out/>
  <testcase classname="com.shiv.testcases.AddCustomerTest" name="addCustomerTest" time="0.663"/>
  <system-out/>
</testsuite> <!-- com.shiv.testcases.AddCustomerTest -->
