<?xml version="1.0" encoding="UTF-8"?>
<!-- Generated by org.testng.reporters.JUnitReportReporter -->
<testsuite hostname="SAK-LAPPDC262" failures="0" tests="3" name="com.shiv.testcases.OpenAccountTest" time="0.126" errors="0" timestamp="2024-12-03T14:57:48 IST" skipped="3">
  <testcase classname="com.shiv.testcases.OpenAccountTest" name="openAccountTest" time="0.046">
    <skipped/>
  </testcase> <!-- openAccountTest -->
  <testcase classname="com.shiv.testcases.OpenAccountTest" name="openAccountTest" time="0.038">
    <skipped/>
  </testcase> <!-- openAccountTest -->
  <testcase classname="com.shiv.testcases.OpenAccountTest" name="openAccountTest" time="0.042">
    <skipped/>
  </testcase> <!-- openAccountTest -->
</testsuite> <!-- com.shiv.testcases.OpenAccountTest -->
