<?xml version="1.0" encoding="UTF-8"?>
<!-- Generated by org.testng.reporters.JUnitReportReporter -->
<testsuite hostname="SAK-LAPPDC262" failures="0" tests="12" name="com.shiv.testcases.AddCustomerTest" time="10.781" errors="0" timestamp="2024-12-03T14:57:48 IST" skipped="1">
  <testcase classname="com.shiv.testcases.AddCustomerTest" name="addCustomerTest" time="0.533"/>
  <testcase classname="com.shiv.testcases.AddCustomerTest" name="addCustomerTest" time="0.500"/>
  <testcase classname="com.shiv.testcases.AddCustomerTest" name="addCustomerTest" time="0.492"/>
  <testcase classname="com.shiv.testcases.AddCustomerTest" name="addCustomerTest" time="5.671"/>
  <testcase classname="com.shiv.testcases.AddCustomerTest" name="addCustomerTest" time="0.520"/>
  <testcase classname="com.shiv.testcases.AddCustomerTest" name="addCustomerTest" time="0.537"/>
  <testcase classname="com.shiv.testcases.AddCustomerTest" name="addCustomerTest" time="0.416"/>
  <testcase classname="com.shiv.testcases.AddCustomerTest" name="addCustomerTest" time="0.590"/>
  <testcase classname="com.shiv.testcases.AddCustomerTest" name="addCustomerTest" time="0.496"/>
  <testcase classname="com.shiv.testcases.AddCustomerTest" name="addCustomerTest" time="0.471"/>
  <testcase classname="com.shiv.testcases.AddCustomerTest" name="addCustomerTest" time="0.514"/>
  <testcase classname="com.shiv.testcases.AddCustomerTest" name="addCustomerTest" time="0.041">
    <skipped/>
  </testcase> <!-- addCustomerTest -->
</testsuite> <!-- com.shiv.testcases.AddCustomerTest -->
