<?xml version="1.0" encoding="UTF-8"?>
<!-- Generated by org.testng.reporters.JUnitReportReporter -->
<testsuite hostname="SAK-LAPPDC262" failures="0" tests="1" name="com.shiv.testcases.LoginTest" time="6.165" errors="0" timestamp="2024-12-03T14:57:48 IST" skipped="0">
  <testcase classname="com.shiv.testcases.LoginTest" name="loginTest" time="6.165"/>
</testsuite> <!-- com.shiv.testcases.LoginTest -->
